2025-03-07 01:45:05,088 [INFO] Бот запущен
2025-03-07 01:45:05,090 [INFO] Данные загружены из файла
2025-03-07 01:45:05,090 [INFO] Бот запущен и готов к работе
2025-03-07 01:45:32,792 [INFO] Бот запущен
2025-03-07 01:45:32,792 [INFO] Создана папка для изображений: character_images
2025-03-07 01:45:32,793 [INFO] Бот запущен и готов к работе
2025-03-07 01:45:44,744 [INFO] Отправлено меню в чат 240298300
2025-03-07 01:46:04,795 [INFO] Отправлено меню в чат 240298300
2025-03-07 01:46:15,451 [INFO] file_cache is only supported with oauth2client<4.0.0
2025-03-07 01:46:15,453 [INFO] Загружен ID папки бэкапов: 1mX4yIEyUNwdH2net5ZlflBK1y5OAbUF5
2025-03-07 01:46:17,927 [INFO] Бэкап данных dnd_data_2025-03-07_01-46-15.json загружен на Google Drive
2025-03-07 01:46:19,859 [INFO] Данные сохранены
2025-03-07 01:46:20,061 [INFO] Отправлено меню в чат 240298300
2025-03-07 01:46:21,732 [INFO] Отправлено меню в чат 240298300
2025-03-07 01:46:22,823 [INFO] Отправлено меню в чат 240298300
2025-03-07 01:46:35,446 [INFO] Отправлено меню в чат 240298300
2025-03-07 01:46:36,570 [INFO] Отправлено меню в чат 240298300
2025-03-07 01:46:42,496 [ERROR] A request to the Telegram API was unsuccessful. Error code: 400. Description: Bad Request: can't parse entities: Can't find end of the entity starting at byte offset 38
2025-03-07 01:46:49,017 [INFO] Отправлено меню в чат 240298300
2025-03-07 01:46:55,203 [ERROR] A request to the Telegram API was unsuccessful. Error code: 400. Description: Bad Request: can't parse entities: Can't find end of the entity starting at byte offset 38
2025-03-07 01:47:52,695 [INFO] Отправлено меню в чат 240298300
2025-03-07 01:48:00,048 [ERROR] A request to the Telegram API was unsuccessful. Error code: 400. Description: Bad Request: can't parse entities: Can't find end of the entity starting at byte offset 32
2025-03-07 01:49:19,796 [INFO] Бот запущен
2025-03-07 01:49:19,797 [INFO] Данные загружены из файла
2025-03-07 01:49:19,797 [INFO] Бот запущен и готов к работе
2025-03-07 01:49:24,142 [ERROR] name 'check_access' is not defined
2025-03-07 01:49:35,066 [ERROR] Ошибка отправки сообщения: A request to the Telegram API was unsuccessful. Error code: 400. Description: Bad Request: can't parse entities: Can't find end of the entity starting at byte offset 5. Текст: 👋 *Добро пожаловать! Войди:
2025-03-07 01:49:35,279 [INFO] Отправлено без форматирования в чат 240298300
2025-03-07 01:49:36,718 [ERROR] Ошибка отправки сообщения: A request to the Telegram API was unsuccessful. Error code: 400. Description: Bad Request: can't parse entities: Can't find end of the entity starting at byte offset 31. Текст: 🔒 *Введи пароль:**
2025-03-07 01:49:36,959 [INFO] Отправлено без форматирования в чат 240298300
2025-03-07 01:49:38,598 [ERROR] Ошибка отправки сообщения: A request to the Telegram API was unsuccessful. Error code: 400. Description: Bad Request: can't parse entities: Can't find end of the entity starting at byte offset 100. Текст: 👋 *Привет, Кирилл!
Ты вошёл как *игрок.
**Твои персонажи:*

2025-03-07 01:49:38,821 [INFO] Отправлено без форматирования в чат 240298300
2025-03-07 01:49:49,392 [ERROR] name 'check_access' is not defined
2025-03-07 01:49:54,692 [ERROR] Ошибка отправки сообщения: A request to the Telegram API was unsuccessful. Error code: 400. Description: Bad Request: can't parse entities: Can't find end of the entity starting at byte offset 5. Текст: 👋 *Добро пожаловать! Войди:
2025-03-07 01:49:54,936 [INFO] Отправлено без форматирования в чат 240298300
2025-03-07 01:49:56,366 [ERROR] Ошибка отправки сообщения: A request to the Telegram API was unsuccessful. Error code: 400. Description: Bad Request: can't parse entities: Can't find end of the entity starting at byte offset 31. Текст: 🔒 *Введи пароль:**
2025-03-07 01:49:56,572 [INFO] Отправлено без форматирования в чат 240298300
2025-03-07 01:49:58,769 [ERROR] Ошибка отправки сообщения: A request to the Telegram API was unsuccessful. Error code: 400. Description: Bad Request: can't parse entities: Can't find end of the entity starting at byte offset 100. Текст: 👋 *Привет, Кирилл!
Ты вошёл как *игрок.
**Твои персонажи:*

2025-03-07 01:49:59,003 [INFO] Отправлено без форматирования в чат 240298300
2025-03-07 01:50:00,692 [ERROR] name 'check_access' is not defined
2025-03-07 01:52:12,283 [INFO] Бот запущен
2025-03-07 01:52:12,284 [INFO] Данные загружены из файла
2025-03-07 01:52:12,284 [INFO] Бот запущен и готов к работе
2025-03-07 01:52:13,601 [INFO] Отправлено меню в чат 240298300
2025-03-07 01:52:15,182 [INFO] Отправлено меню в чат 240298300
2025-03-07 01:52:16,345 [INFO] Отправлено меню в чат 240298300
2025-03-07 01:52:19,117 [INFO] Отправлено меню в чат 240298300
2025-03-07 01:52:20,346 [INFO] Отправлено меню в чат 240298300
2025-03-07 01:52:22,998 [ERROR] A request to the Telegram API was unsuccessful. Error code: 400. Description: Bad Request: can't parse entities: Can't find end of the entity starting at byte offset 29
2025-03-07 01:53:06,124 [INFO] Отправлено меню в чат 240298300
2025-03-07 01:53:11,980 [ERROR] A request to the Telegram API was unsuccessful. Error code: 400. Description: Bad Request: can't parse entities: Can't find end of the entity starting at byte offset 31
2025-03-07 01:53:16,181 [INFO] Отправлено меню в чат 240298300
2025-03-07 01:53:24,685 [ERROR] A request to the Telegram API was unsuccessful. Error code: 400. Description: Bad Request: can't parse entities: Can't find end of the entity starting at byte offset 38
2025-03-07 02:00:58,688 [INFO] Бот запущен
2025-03-07 02:00:58,688 [INFO] Данные загружены из файла
2025-03-07 02:00:58,689 [INFO] Бот запущен и готов к работе
2025-03-07 02:01:02,832 [INFO] Отправлено меню в чат 240298300
2025-03-07 02:01:09,787 [ERROR] A request to the Telegram API was unsuccessful. Error code: 400. Description: Bad Request: can't parse entities: Can't find end of the entity starting at byte offset 36
2025-03-07 02:03:01,902 [INFO] Бот запущен
2025-03-07 02:03:01,903 [INFO] Данные загружены из файла
2025-03-07 02:03:01,903 [INFO] Бот запущен и готов к работе
2025-03-07 02:03:03,805 [INFO] Отправлено меню в чат 240298300
2025-03-07 02:03:08,485 [ERROR] A request to the Telegram API was unsuccessful. Error code: 400. Description: Bad Request: can't parse entities: Can't find end of the entity starting at byte offset 36
2025-03-07 02:19:02,997 [INFO] Бот запущен
2025-03-07 02:19:02,998 [INFO] Данные загружены из файла
2025-03-07 02:19:02,999 [INFO] Бот запущен и готов к работе
2025-03-07 02:19:14,106 [INFO] Отправлено меню в чат 240298300
2025-03-07 02:19:20,851 [ERROR] Ошибка отправки меню: A request to the Telegram API was unsuccessful. Error code: 400. Description: Bad Request: can't parse entities: Character '!' is reserved and must be escaped with the preceding '\'
2025-03-07 02:19:21,042 [ERROR] A request to the Telegram API was unsuccessful. Error code: 400. Description: Bad Request: can't parse entities: Character '!' is reserved and must be escaped with the preceding '\'
2025-03-07 02:20:02,393 [INFO] Бот запущен
2025-03-07 02:20:02,394 [INFO] Бот запущен и готов к работе
2025-03-07 02:20:08,283 [ERROR] Ошибка отправки меню: A request to the Telegram API was unsuccessful. Error code: 400. Description: Bad Request: can't parse entities: Character '!' is reserved and must be escaped with the preceding '\'
2025-03-07 02:20:08,467 [ERROR] A request to the Telegram API was unsuccessful. Error code: 400. Description: Bad Request: can't parse entities: Character '!' is reserved and must be escaped with the preceding '\'
2025-03-07 02:20:18,496 [ERROR] Ошибка отправки меню: A request to the Telegram API was unsuccessful. Error code: 400. Description: Bad Request: can't parse entities: Character '!' is reserved and must be escaped with the preceding '\'
2025-03-07 02:20:18,680 [ERROR] A request to the Telegram API was unsuccessful. Error code: 400. Description: Bad Request: can't parse entities: Character '!' is reserved and must be escaped with the preceding '\'
2025-03-07 02:20:51,304 [ERROR] Ошибка отправки меню: A request to the Telegram API was unsuccessful. Error code: 400. Description: Bad Request: can't parse entities: Character '!' is reserved and must be escaped with the preceding '\'
2025-03-07 02:20:51,488 [ERROR] A request to the Telegram API was unsuccessful. Error code: 400. Description: Bad Request: can't parse entities: Character '!' is reserved and must be escaped with the preceding '\'
2025-03-07 02:21:16,499 [INFO] Бот запущен
2025-03-07 02:21:16,500 [INFO] Бот запущен и готов к работе
2025-03-07 02:21:19,340 [ERROR] Ошибка отправки меню: A request to the Telegram API was unsuccessful. Error code: 400. Description: Bad Request: can't parse entities: Character '!' is reserved and must be escaped with the preceding '\'
2025-03-07 02:21:19,524 [ERROR] A request to the Telegram API was unsuccessful. Error code: 400. Description: Bad Request: can't parse entities: Character '!' is reserved and must be escaped with the preceding '\'
2025-03-07 02:22:46,716 [INFO] Бот запущен
2025-03-07 02:22:46,717 [INFO] Бот запущен и готов к работе
2025-03-07 02:22:59,199 [INFO] access_token is expired. Now: 2025-03-07 02:22:59.199688, token_expiry: 2025-03-07 02:13:31
2025-03-07 02:22:59,200 [INFO] Refreshing access_token
2025-03-07 02:22:59,502 [INFO] Загружен ID папки бэкапов: 1mX4yIEyUNwdH2net5ZlflBK1y5OAbUF5
2025-03-07 02:22:59,507 [INFO] file_cache is only supported with oauth2client<4.0.0
2025-03-07 02:23:01,882 [INFO] Бэкап данных dnd_data_2025-03-07_02-22-59.json загружен на Google Drive
2025-03-07 02:23:03,800 [INFO] Данные сохранены
2025-03-07 02:38:44,705 [INFO] Бот запущен
2025-03-07 02:38:44,707 [INFO] Данные загружены из файла
2025-03-07 02:38:44,707 [INFO] Бот запущен и готов к работе
2025-03-07 02:39:00,026 [INFO] file_cache is only supported with oauth2client<4.0.0
2025-03-07 02:39:00,028 [INFO] Загружен ID папки бэкапов: 1mX4yIEyUNwdH2net5ZlflBK1y5OAbUF5
2025-03-07 02:39:02,550 [INFO] Бэкап данных dnd_data_2025-03-07_02-39-00.json загружен на Google Drive
2025-03-07 02:39:04,644 [INFO] Данные сохранены
2025-03-07 02:50:19,302 [INFO] Бот запущен
2025-03-07 02:50:19,303 [INFO] Данные загружены из файла
2025-03-07 02:50:19,303 [INFO] Бот запущен и готов к работе
2025-03-07 02:51:03,511 [INFO] file_cache is only supported with oauth2client<4.0.0
2025-03-07 02:51:03,514 [INFO] Загружен ID папки бэкапов: 1mX4yIEyUNwdH2net5ZlflBK1y5OAbUF5
2025-03-07 02:51:06,262 [INFO] Бэкап данных dnd_data_2025-03-07_02-51-03.json загружен на Google Drive
2025-03-07 02:51:08,202 [INFO] Данные сохранены
2025-03-07 02:51:16,461 [INFO] file_cache is only supported with oauth2client<4.0.0
2025-03-07 02:51:16,463 [INFO] Загружен ID папки бэкапов: 1mX4yIEyUNwdH2net5ZlflBK1y5OAbUF5
2025-03-07 02:51:19,303 [INFO] Бэкап данных dnd_data_2025-03-07_02-51-16.json загружен на Google Drive
2025-03-07 02:51:21,155 [INFO] Данные сохранены
2025-03-07 02:52:04,445 [INFO] file_cache is only supported with oauth2client<4.0.0
2025-03-07 02:52:04,450 [INFO] Загружен ID папки бэкапов: 1mX4yIEyUNwdH2net5ZlflBK1y5OAbUF5
2025-03-07 02:52:06,979 [INFO] Бэкап данных dnd_data_2025-03-07_02-52-04.json загружен на Google Drive
2025-03-07 02:52:08,931 [INFO] Данные сохранены
2025-03-07 02:52:35,646 [INFO] file_cache is only supported with oauth2client<4.0.0
2025-03-07 02:52:35,649 [INFO] Загружен ID папки бэкапов: 1mX4yIEyUNwdH2net5ZlflBK1y5OAbUF5
2025-03-07 02:52:38,202 [INFO] Бэкап данных dnd_data_2025-03-07_02-52-35.json загружен на Google Drive
2025-03-07 02:52:40,149 [INFO] Данные сохранены
2025-03-07 02:52:53,169 [INFO] file_cache is only supported with oauth2client<4.0.0
2025-03-07 02:52:53,172 [INFO] Загружен ID папки бэкапов: 1mX4yIEyUNwdH2net5ZlflBK1y5OAbUF5
2025-03-07 02:52:55,723 [INFO] Бэкап данных dnd_data_2025-03-07_02-52-53.json загружен на Google Drive
2025-03-07 02:52:57,561 [INFO] Данные сохранены
2025-03-07 02:53:05,805 [INFO] file_cache is only supported with oauth2client<4.0.0
2025-03-07 02:53:05,808 [INFO] Загружен ID папки бэкапов: 1mX4yIEyUNwdH2net5ZlflBK1y5OAbUF5
2025-03-07 02:53:08,172 [INFO] Бэкап данных dnd_data_2025-03-07_02-53-05.json загружен на Google Drive
2025-03-07 02:53:10,035 [INFO] Данные сохранены
2025-03-07 02:53:14,117 [INFO] file_cache is only supported with oauth2client<4.0.0
2025-03-07 02:53:14,132 [INFO] Загружен ID папки бэкапов: 1mX4yIEyUNwdH2net5ZlflBK1y5OAbUF5
2025-03-07 02:53:16,567 [INFO] Бэкап данных dnd_data_2025-03-07_02-53-14.json загружен на Google Drive
2025-03-07 02:53:18,506 [INFO] Данные сохранены
2025-03-07 02:53:32,036 [INFO] file_cache is only supported with oauth2client<4.0.0
2025-03-07 02:53:32,039 [INFO] Загружен ID папки бэкапов: 1mX4yIEyUNwdH2net5ZlflBK1y5OAbUF5
2025-03-07 02:53:34,438 [INFO] Бэкап данных dnd_data_2025-03-07_02-53-32.json загружен на Google Drive
2025-03-07 02:53:36,301 [INFO] Данные сохранены
2025-03-07 02:53:36,692 [ERROR] Ошибка отправки меню: A request to the Telegram API was unsuccessful. Error code: 400. Description: Bad Request: can't parse entities: Character '-' is reserved and must be escaped with the preceding '\'
2025-03-07 02:53:52,442 [ERROR] Ошибка отправки меню: A request to the Telegram API was unsuccessful. Error code: 400. Description: Bad Request: can't parse entities: Character '-' is reserved and must be escaped with the preceding '\'
2025-03-07 02:54:25,570 [ERROR] Ошибка отправки меню: A request to the Telegram API was unsuccessful. Error code: 400. Description: Bad Request: can't parse entities: Character '-' is reserved and must be escaped with the preceding '\'
2025-03-07 03:05:15,142 [INFO] Генерация портрета для 123 (ID: char_1) пользователем Кирилл
2025-03-07 03:05:17,350 [INFO] Перевод: 'Нет предыстории...' -> '"There is no backstory."...'
2025-03-07 03:05:18,954 [INFO] Изображение сгенерировано
2025-03-07 03:05:19,678 [INFO] Портрет для 123 отправлен с выбором
2025-03-07 03:05:25,989 [INFO] file_cache is only supported with oauth2client<4.0.0
2025-03-07 03:05:25,992 [INFO] Загружен ID папки бэкапов: 1mX4yIEyUNwdH2net5ZlflBK1y5OAbUF5
2025-03-07 03:05:28,676 [INFO] Бэкап данных dnd_data_2025-03-07_03-05-25.json загружен на Google Drive
2025-03-07 03:05:30,708 [INFO] Данные сохранены
2025-03-07 03:05:30,710 [INFO] file_cache is only supported with oauth2client<4.0.0
2025-03-07 03:05:30,713 [INFO] Загружен ID папки бэкапов: 1mX4yIEyUNwdH2net5ZlflBK1y5OAbUF5
2025-03-07 03:05:34,678 [INFO] Создана папка 'Images' с ID: 1mgmZM8C0sA1M0fHF6KtYKzeodSx-ij4x
2025-03-07 03:05:39,794 [INFO] Изображение 123_Кирилл.png загружено на Google Drive
2025-03-07 03:05:40,195 [INFO] Портрет 123 сохранён по пути character_images/123_Кирилл.png
2025-03-07 03:06:00,309 [ERROR] Ошибка отправки меню: A request to the Telegram API was unsuccessful. Error code: 400. Description: Bad Request: can't parse entities: Character '-' is reserved and must be escaped with the preceding '\'
2025-03-07 03:14:01,897 [INFO] Бот запущен
2025-03-07 03:14:01,898 [INFO] Данные загружены из файла
2025-03-07 03:14:33,510 [INFO] file_cache is only supported with oauth2client<4.0.0
2025-03-07 03:14:33,514 [INFO] Загружен ID папки бэкапов: 1mX4yIEyUNwdH2net5ZlflBK1y5OAbUF5
2025-03-07 03:14:35,916 [INFO] Бэкап данных dnd_data_2025-03-07_03-14-33.json загружен на Google Drive
2025-03-07 03:14:37,874 [ERROR] Ошибка бэкапа или очистки: time data 'Images' does not match format '%Y-%m-%d_%H-%M-%S'
2025-03-07 03:14:37,875 [INFO] Данные сохранены
2025-03-07 03:15:06,095 [INFO] file_cache is only supported with oauth2client<4.0.0
2025-03-07 03:15:06,099 [INFO] Загружен ID папки бэкапов: 1mX4yIEyUNwdH2net5ZlflBK1y5OAbUF5
2025-03-07 03:15:08,652 [INFO] Бэкап данных dnd_data_2025-03-07_03-15-06.json загружен на Google Drive
2025-03-07 03:15:10,591 [ERROR] Ошибка бэкапа или очистки: time data 'Images' does not match format '%Y-%m-%d_%H-%M-%S'
2025-03-07 03:15:10,591 [INFO] Данные сохранены
2025-03-07 03:15:11,620 [INFO] file_cache is only supported with oauth2client<4.0.0
2025-03-07 03:15:11,623 [INFO] Загружен ID папки бэкапов: 1mX4yIEyUNwdH2net5ZlflBK1y5OAbUF5
2025-03-07 03:15:14,647 [INFO] Бэкап данных dnd_data_2025-03-07_03-15-11.json загружен на Google Drive
2025-03-07 03:15:16,474 [ERROR] Ошибка бэкапа или очистки: time data 'Images' does not match format '%Y-%m-%d_%H-%M-%S'
2025-03-07 03:15:16,474 [INFO] Данные сохранены
2025-03-07 03:15:41,161 [INFO] file_cache is only supported with oauth2client<4.0.0
2025-03-07 03:15:41,164 [INFO] Загружен ID папки бэкапов: 1mX4yIEyUNwdH2net5ZlflBK1y5OAbUF5
2025-03-07 03:15:43,722 [INFO] Бэкап данных dnd_data_2025-03-07_03-15-41.json загружен на Google Drive
2025-03-07 03:15:44,306 [ERROR] Ошибка бэкапа или очистки: time data 'Images' does not match format '%Y-%m-%d_%H-%M-%S'
2025-03-07 03:15:44,306 [INFO] Данные сохранены
2025-03-07 03:15:52,122 [INFO] Перевод: '123: напали разбойники; 123: Мы их убили...' -> '123: The robbers attacked; 123: We killed them....'
2025-03-07 03:15:55,606 [INFO] Изображение сгенерировано
